00:00:00.000196 main     VirtualBox XPCOM Server 6.1.16_Ubuntu r140961 linux.amd64 (Dec 17 2020 22:06:23) release log
00:00:00.000199 main     Log opened 2021-03-21T13:11:12.209561000Z
00:00:00.000200 main     Build Type: release
00:00:00.000203 main     OS Product: Linux
00:00:00.000204 main     OS Release: 4.19.128-microsoft-standard
00:00:00.000205 main     OS Version: #1 SMP Tue Jun 23 12:58:10 UTC 2020
00:00:00.000234 main     Firmware type: BIOS
00:00:00.000265 main     Host RAM: 5943MB (5.8GB) total, 5670MB (5.5GB) available
00:00:00.000268 main     Executable: /usr/lib/virtualbox/VBoxSVC
00:00:00.000268 main     Process ID: 17111
00:00:00.000269 main     Package type: LINUX_64BITS_GENERIC (OSE)
00:00:00.001781 main     IPC socket path: /tmp/.vbox-terib0l-ipc/ipcd
00:00:00.107214 nspr-2   VirtualBox: object creation starts
00:00:00.107297 nspr-2   Home directory: '/home/terib0l/.config/VirtualBox'
00:00:00.110188 nspr-2   NetIfAdpCtlOut: VBoxNetAdpCtl: Error while retrieving link status for dummy0: VBoxNetAdpCtl: ioctl failed: Operation not supported
00:00:00.112688 nspr-2   HostDnsMonitor: initializing
00:00:00.113077 nspr-2   NAT: resolv.conf: nameserver 172.21.0.1
00:00:00.113091 nspr-2   HostDnsMonitor: updating information
00:00:00.113103 nspr-2   HostDnsMonitor: old information
00:00:00.113105 nspr-2     no server entries
00:00:00.113108 nspr-2     no domain set
00:00:00.113110 nspr-2     no search string entries
00:00:00.113112 nspr-2   HostDnsMonitor: new information
00:00:00.113114 nspr-2     server 1: 172.21.0.1
00:00:00.113117 nspr-2     no domain set
00:00:00.113119 nspr-2     no search string entries
00:00:00.113686 nspr-2   HostPowerServiceLinux: DBus connection Error (Failed to connect to socket /var/run/dbus/system_bus_socket: No such file or directory)
00:00:00.114206 nspr-2   VD: VDInit finished with VINF_SUCCESS
00:00:00.114268 nspr-2   ERROR [COM]: aRC=NS_ERROR_FAILURE (0x80004005) aIID={027bc463-929c-40e8-bf16-fea557cd8e7e} aComponent={SystemPropertiesWrap} aText={Cannot determine default Guest Additions ISO location. Most likely they are not available}, preserve=false aResultDetail=0
00:00:00.115021 nspr-2   VirtualBox: object created
00:00:05.121274 main     VirtualBox: object deletion starts
00:00:05.121535 main     HostDnsMonitor: shutting down ...
00:00:05.122629 main     HostDnsMonitor: shut down
00:00:05.122646 main     {00007efce4015d30} HostPowerServiceLinux::~HostPowerServiceLinux: RTThreadWait() for 5000 ms failed with VERR_INVALID_HANDLE
00:00:05.123236 Watcher  ERROR [COM]: aRC=E_ACCESSDENIED (0x80070005) aIID={d0a0163f-e254-4e5b-a1f2-011cf991c38d} aComponent={VirtualBoxWrap} aText={The object is not ready}, preserve=false aResultDetail=0
00:00:05.123349 main     VirtualBox: object deleted
